0 info it worked if it ends with ok
1 verbose cli [ '/Users/yamoo9/.nvm/versions/node/v6.9.4/bin/node',
1 verbose cli   '/Users/yamoo9/.nvm/versions/node/v6.9.4/lib/node_modules/npm/bin/npm-cli.js',
1 verbose cli   'run',
1 verbose cli   'eslint-watch' ]
2 info using npm@4.1.2
3 info using node@v6.9.4
4 verbose run-script [ 'preeslint-watch', 'eslint-watch', 'posteslint-watch' ]
5 info lifecycle vue-lecture---pug-sass-es6-imagemin-live@0.0.2~preeslint-watch: vue-lecture---pug-sass-es6-imagemin-live@0.0.2
6 silly lifecycle vue-lecture---pug-sass-es6-imagemin-live@0.0.2~preeslint-watch: no script for preeslint-watch, continuing
7 info lifecycle vue-lecture---pug-sass-es6-imagemin-live@0.0.2~eslint-watch: vue-lecture---pug-sass-es6-imagemin-live@0.0.2
8 verbose lifecycle vue-lecture---pug-sass-es6-imagemin-live@0.0.2~eslint-watch: unsafe-perm in lifecycle true
9 verbose lifecycle vue-lecture---pug-sass-es6-imagemin-live@0.0.2~eslint-watch: PATH: /Users/yamoo9/.nvm/versions/node/v6.9.4/lib/node_modules/npm/bin/node-gyp-bin:/Users/yamoo9/Documents/GIT/FDS/LECTURE/DAY27/vue-computed-sort/node_modules/.bin:/Users/yamoo9/.nvm/versions/node/v6.9.4/lib/node_modules/npm/bin/node-gyp-bin:/Users/yamoo9/Documents/GIT/FDS/LECTURE/DAY27/vue-computed-sort/node_modules/.bin:/Users/yamoo9/.nvm/versions/node/v6.9.4/lib/node_modules/npm/bin/node-gyp-bin:/Users/yamoo9/Documents/GIT/FDS/LECTURE/DAY27/vue-computed-sort/node_modules/.bin:/Users/yamoo9/.pyenv/plugins/pyenv-virtualenv/shims:/Users/yamoo9/.pyenv/shims:/Users/yamoo9/.pyenv/bin:/Users/yamoo9/.nvm/versions/node/v6.9.4/bin:/usr/local/opt/ruby/bin:/usr/bin:/bin:/usr/sbin:/sbin:/usr/local/bin:/opt/X11/bin:/usr/local/git/bin
10 verbose lifecycle vue-lecture---pug-sass-es6-imagemin-live@0.0.2~eslint-watch: CWD: /Users/yamoo9/Documents/GIT/FDS/LECTURE/DAY27/vue-computed-sort
11 silly lifecycle vue-lecture---pug-sass-es6-imagemin-live@0.0.2~eslint-watch: Args: [ '-c', 'esw -w src/es6/*.js --fix' ]
12 silly lifecycle vue-lecture---pug-sass-es6-imagemin-live@0.0.2~eslint-watch: Returned: code: 1  signal: null
13 info lifecycle vue-lecture---pug-sass-es6-imagemin-live@0.0.2~eslint-watch: Failed to exec eslint-watch script
14 verbose stack Error: vue-lecture---pug-sass-es6-imagemin-live@0.0.2 eslint-watch: `esw -w src/es6/*.js --fix`
14 verbose stack Exit status 1
14 verbose stack     at EventEmitter.<anonymous> (/Users/yamoo9/.nvm/versions/node/v6.9.4/lib/node_modules/npm/lib/utils/lifecycle.js:279:16)
14 verbose stack     at emitTwo (events.js:106:13)
14 verbose stack     at EventEmitter.emit (events.js:191:7)
14 verbose stack     at ChildProcess.<anonymous> (/Users/yamoo9/.nvm/versions/node/v6.9.4/lib/node_modules/npm/lib/utils/spawn.js:40:14)
14 verbose stack     at emitTwo (events.js:106:13)
14 verbose stack     at ChildProcess.emit (events.js:191:7)
14 verbose stack     at maybeClose (internal/child_process.js:877:16)
14 verbose stack     at Process.ChildProcess._handle.onexit (internal/child_process.js:226:5)
15 verbose pkgid vue-lecture---pug-sass-es6-imagemin-live@0.0.2
16 verbose cwd /Users/yamoo9/Documents/GIT/FDS/LECTURE/DAY27/vue-computed-sort
17 error Darwin 16.6.0
18 error argv "/Users/yamoo9/.nvm/versions/node/v6.9.4/bin/node" "/Users/yamoo9/.nvm/versions/node/v6.9.4/lib/node_modules/npm/bin/npm-cli.js" "run" "eslint-watch"
19 error node v6.9.4
20 error npm  v4.1.2
21 error code ELIFECYCLE
22 error vue-lecture---pug-sass-es6-imagemin-live@0.0.2 eslint-watch: `esw -w src/es6/*.js --fix`
22 error Exit status 1
23 error Failed at the vue-lecture---pug-sass-es6-imagemin-live@0.0.2 eslint-watch script 'esw -w src/es6/*.js --fix'.
23 error Make sure you have the latest version of node.js and npm installed.
23 error If you do, this is most likely a problem with the vue-lecture---pug-sass-es6-imagemin-live package,
23 error not with npm itself.
23 error Tell the author that this fails on your system:
23 error     esw -w src/es6/*.js --fix
23 error You can get information on how to open an issue for this project with:
23 error     npm bugs vue-lecture---pug-sass-es6-imagemin-live
23 error Or if that isn't available, you can get their info via:
23 error     npm owner ls vue-lecture---pug-sass-es6-imagemin-live
23 error There is likely additional logging output above.
24 verbose exit [ 1, true ]
